<?xml version="1.0" encoding="UTF-8"?>
<!-- Generated by org.testng.reporters.JUnitReportReporter -->
<testsuite hostname="Kapil-PC" failures="0" tests="1" name="Webdriver.programs.Screenshot" time="10.302" errors="0" timestamp="07 Apr 2019 06:23:58 GMT" skipped="0">
  <testcase classname="Webdriver.programs.Screenshot" name="ss" time="10.302"/>
</testsuite> <!-- Webdriver.programs.Screenshot -->
