<?xml version="1.0" encoding="UTF-8"?>
<!-- Generated by org.testng.reporters.JUnitReportReporter -->
<testsuite hostname="Kapil-PC" failures="0" tests="1" name="Webdriver.programs.Alert1" time="6.190" errors="0" timestamp="11 May 2019 12:08:15 GMT" skipped="0">
  <testcase classname="Webdriver.programs.Alert1" name="Alert2" time="6.190"/>
</testsuite> <!-- Webdriver.programs.Alert1 -->
