<?xml version="1.0" encoding="UTF-8"?>
<!-- Generated by org.testng.reporters.JUnitReportReporter -->
<testsuite hostname="Kapil-PC" failures="0" tests="1" name="Webdriver.programs.RediffChrome" time="14.515" errors="0" timestamp="18 May 2019 11:52:01 GMT" skipped="0">
  <testcase classname="Webdriver.programs.RediffChrome" name="Login" time="14.515"/>
</testsuite> <!-- Webdriver.programs.RediffChrome -->
