<?xml version="1.0" encoding="UTF-8"?>
<!-- Generated by org.testng.reporters.JUnitReportReporter -->
<testsuite hostname="Kapil-PC" failures="0" tests="1" name="Webdriver.programs.Rediff" time="68.724" errors="0" timestamp="11 May 2019 11:30:59 GMT" skipped="0">
  <testcase classname="Webdriver.programs.Rediff" name="Login" time="68.724"/>
</testsuite> <!-- Webdriver.programs.Rediff -->
